2023-12-18 23:12:704 INFO  StartPage :32 - clickOnStart: [[ChromeDriver: chrome on windows (8d80679bb6e35c1ab469be4282e208e9)] -> xpath: //a[@class='gem-c-button govuk-button govuk-button--start']]
2023-12-18 23:12:280 INFO  SelectNationalityPage :34 - checkCountryAvailable: [[ChromeDriver: chrome on windows (8d80679bb6e35c1ab469be4282e208e9)] -> id: response]
2023-12-18 23:12:248 INFO  StartPage :32 - clickOnStart: [[ChromeDriver: chrome on windows (edc7800461957f7b1b59d146d8b7b16a)] -> xpath: //a[@class='gem-c-button govuk-button govuk-button--start']]
2023-12-18 23:12:786 INFO  SelectNationalityPage :34 - checkCountryAvailable: [[ChromeDriver: chrome on windows (edc7800461957f7b1b59d146d8b7b16a)] -> id: response]
2023-12-18 23:12:214 INFO  StartPage :32 - clickOnStart: [[ChromeDriver: chrome on windows (a7b6fd38b16a0d4e13686c1d06c4cb32)] -> xpath: //a[@class='gem-c-button govuk-button govuk-button--start']]
2023-12-18 23:12:957 INFO  SelectNationalityPage :34 - checkCountryAvailable: [[ChromeDriver: chrome on windows (a7b6fd38b16a0d4e13686c1d06c4cb32)] -> id: response]
2023-12-18 23:12:610 INFO  StartPage :32 - clickOnStart: [[ChromeDriver: chrome on windows (b51dde2370cbd3d8e5e1e82b84e21622)] -> xpath: //a[@class='gem-c-button govuk-button govuk-button--start']]
2023-12-18 23:12:142 INFO  SelectNationalityPage :34 - checkCountryAvailable: [[ChromeDriver: chrome on windows (b51dde2370cbd3d8e5e1e82b84e21622)] -> id: response]
2023-12-18 23:12:237 INFO  StartPage :32 - clickOnStart: [[ChromeDriver: chrome on windows (deda3187a1cd5c68de88216c3abb1647)] -> xpath: //a[@class='gem-c-button govuk-button govuk-button--start']]
2023-12-18 23:12:734 INFO  SelectNationalityPage :34 - checkCountryAvailable: [[ChromeDriver: chrome on windows (deda3187a1cd5c68de88216c3abb1647)] -> id: response]
2023-12-18 23:12:52 INFO  StartPage :32 - clickOnStart: [[ChromeDriver: chrome on windows (fef076dae379b647882af15e3518d0d8)] -> xpath: //a[@class='gem-c-button govuk-button govuk-button--start']]
2023-12-18 23:12:597 INFO  SelectNationalityPage :34 - checkCountryAvailable: [[ChromeDriver: chrome on windows (fef076dae379b647882af15e3518d0d8)] -> id: response]
2023-12-18 23:12:427 INFO  StartPage :32 - clickOnStart: [[ChromeDriver: chrome on windows (6c54893ab1b42744ed5e57af531b02ce)] -> xpath: //a[@class='gem-c-button govuk-button govuk-button--start']]
2023-12-18 23:12:942 INFO  SelectNationalityPage :34 - checkCountryAvailable: [[ChromeDriver: chrome on windows (6c54893ab1b42744ed5e57af531b02ce)] -> id: response]
2023-12-18 23:12:892 INFO  StartPage :32 - clickOnStart: [[ChromeDriver: chrome on windows (094dbc1abc738b22be1bf5a7e01d86de)] -> xpath: //a[@class='gem-c-button govuk-button govuk-button--start']]
2023-12-18 23:12:401 INFO  SelectNationalityPage :34 - checkCountryAvailable: [[ChromeDriver: chrome on windows (094dbc1abc738b22be1bf5a7e01d86de)] -> id: response]
2023-12-18 23:12:161 INFO  StartPage :32 - clickOnStart: [[ChromeDriver: chrome on windows (49b454b019fa89ab034c18e3638fe26d)] -> xpath: //a[@class='gem-c-button govuk-button govuk-button--start']]
2023-12-18 23:12:713 INFO  SelectNationalityPage :34 - checkCountryAvailable: [[ChromeDriver: chrome on windows (49b454b019fa89ab034c18e3638fe26d)] -> id: response]
2023-12-18 23:12:447 INFO  StartPage :32 - clickOnStart: [[ChromeDriver: chrome on windows (e8f497e2cb6bed3691f427ab50ae703f)] -> xpath: //a[@class='gem-c-button govuk-button govuk-button--start']]
2023-12-18 23:12:924 INFO  SelectNationalityPage :34 - checkCountryAvailable: [[ChromeDriver: chrome on windows (e8f497e2cb6bed3691f427ab50ae703f)] -> id: response]
2023-12-18 23:12:219 INFO  StartPage :32 - clickOnStart: [[ChromeDriver: chrome on windows (8cb9a20bfe61aca19689b5050e700afe)] -> xpath: //a[@class='gem-c-button govuk-button govuk-button--start']]
2023-12-18 23:12:226 INFO  ReasonForTravelPage :37 - selectReason [[ChromeDriver: chrome on windows (8cb9a20bfe61aca19689b5050e700afe)] -> id: response-1]
2023-12-18 23:12:660 INFO  ReasonForTravelPage :58 - verifyText [[ChromeDriver: chrome on windows (8cb9a20bfe61aca19689b5050e700afe)] -> xpath: //h2[normalize-space()='You will not need a visa to come to the UK']]
2023-12-18 23:12:850 INFO  StartPage :32 - clickOnStart: [[ChromeDriver: chrome on windows (2f1f28e2aeb3d179f385a0ae807526f5)] -> xpath: //a[@class='gem-c-button govuk-button govuk-button--start']]
2023-12-18 23:12:904 INFO  ReasonForTravelPage :37 - selectReason [[ChromeDriver: chrome on windows (2f1f28e2aeb3d179f385a0ae807526f5)] -> id: response-1]
2023-12-18 23:12:978 INFO  DurationOfStayPage :22 - selectIntentionToStay [[ChromeDriver: chrome on windows (2f1f28e2aeb3d179f385a0ae807526f5)] -> id: response-1]
2023-12-18 23:12:364 INFO  WorkTypePage :30 - selectPlanningToWork: [[ChromeDriver: chrome on windows (2f1f28e2aeb3d179f385a0ae807526f5)] -> id: response-0]
2023-12-18 23:12:867 INFO  WorkTypePage :38 - verifyTextVisaToWork: [[ChromeDriver: chrome on windows (2f1f28e2aeb3d179f385a0ae807526f5)] -> css selector: body > div:nth-child(6) > div:nth-child(1) > main:nth-child(1) > div:nth-child(1) > div:nth-child(1) > div:nth-child(2) > div:nth-child(1) > h2:nth-child(1)]
2023-12-18 23:12:883 INFO  StartPage :32 - clickOnStart: [[ChromeDriver: chrome on windows (fbe1003c1175b2562e6f2f296383dec2)] -> xpath: //a[@class='gem-c-button govuk-button govuk-button--start']]
2023-12-18 23:12:103 INFO  ReasonForTravelPage :37 - selectReason [[ChromeDriver: chrome on windows (fbe1003c1175b2562e6f2f296383dec2)] -> id: response-1]
2023-12-18 23:12:579 INFO  WorkTypePage :42 - verifyYouMayNeedVisa: [[ChromeDriver: chrome on windows (fbe1003c1175b2562e6f2f296383dec2)] -> css selector: body div[id='wrapper'] div[class='smart_answer'] main[id='content'] div[class='govuk-grid-row'] div[id='result-info'] div[data-flow-name='check-uk-visa'] div[class='govuk-!-margin-bottom-6'] h2:nth-child(1)]
